<?xml version="1.0" encoding="UTF-8"?>
<testng-results skipped="0" failed="0" ignored="0" total="2" passed="2">
  <reporter-output>
  </reporter-output>
  <suite name="Suite" duration-ms="56674" started-at="2018-02-19T09:20:14Z" finished-at="2018-02-19T09:21:11Z">
    <groups>
    </groups>
    <test name="Test" duration-ms="56674" started-at="2018-02-19T09:20:14Z" finished-at="2018-02-19T09:21:11Z">
      <class name="scripts.TestValidLogin">
        <test-method status="PASS" signature="openApplication()[pri:0, instance:scripts.TestValidLogin@2a556333]" name="openApplication" is-config="true" duration-ms="17975" started-at="2018-02-19T14:50:14Z" finished-at="2018-02-19T14:50:32Z">
          <reporter-output>
          </reporter-output>
        </test-method> <!-- openApplication -->
        <test-method status="PASS" signature="testValidLogin()[pri:0, instance:scripts.TestValidLogin@2a556333]" name="testValidLogin" duration-ms="8609" started-at="2018-02-19T14:50:32Z" finished-at="2018-02-19T14:50:41Z">
          <reporter-output>
          </reporter-output>
        </test-method> <!-- testValidLogin -->
        <test-method status="PASS" signature="closeApplication()[pri:0, instance:scripts.TestValidLogin@2a556333]" name="closeApplication" is-config="true" duration-ms="699" started-at="2018-02-19T14:50:41Z" finished-at="2018-02-19T14:50:42Z">
          <reporter-output>
          </reporter-output>
        </test-method> <!-- closeApplication -->
      </class> <!-- scripts.TestValidLogin -->
      <class name="scripts.TestInvalidLogin">
        <test-method status="PASS" signature="openApplication()[pri:0, instance:scripts.TestInvalidLogin@7d70d1b1]" name="openApplication" is-config="true" duration-ms="8020" started-at="2018-02-19T14:50:42Z" finished-at="2018-02-19T14:50:50Z">
          <reporter-output>
          </reporter-output>
        </test-method> <!-- openApplication -->
        <test-method status="PASS" signature="testInValidLogin()[pri:0, instance:scripts.TestInvalidLogin@7d70d1b1]" name="testInValidLogin" duration-ms="21077" started-at="2018-02-19T14:50:50Z" finished-at="2018-02-19T14:51:11Z">
          <reporter-output>
          </reporter-output>
        </test-method> <!-- testInValidLogin -->
        <test-method status="PASS" signature="closeApplication()[pri:0, instance:scripts.TestInvalidLogin@7d70d1b1]" name="closeApplication" is-config="true" duration-ms="214" started-at="2018-02-19T14:51:11Z" finished-at="2018-02-19T14:51:11Z">
          <reporter-output>
          </reporter-output>
        </test-method> <!-- closeApplication -->
      </class> <!-- scripts.TestInvalidLogin -->
    </test> <!-- Test -->
  </suite> <!-- Suite -->
</testng-results>
